<?xml version="1.0" encoding="UTF-8"?>
<testsuite xmlns:xsi="http://www.w3.org/2001/XMLSchema-instance" xsi:noNamespaceSchemaLocation="https://maven.apache.org/surefire/maven-surefire-plugin/xsd/surefire-test-report-3.0.xsd" version="3.0" name="TestSuite" time="4.039" tests="2" errors="0" skipped="0" failures="2">
  <properties>
[...]
</properties>
  <testcase name="addCustomer" classname="selenium.AddCustomerTest" time="1.185">
    <failure type="java.lang.AssertionError">java.lang.AssertionError
	at selenium.AddCustomerTest.addCustomer(AddCustomerTest.java:24)
</failure>
    <system-err><![CDATA[Starting ChromeDriver 76.0.3809.126 (d80a294506b4c9d18015e755cee48f953ddc3f2f-refs/branch-heads/3809@{#1024}) on port 7699
Only local connections are allowed.
Please protect ports used by ChromeDriver and related test frameworks to prevent access by malicious code.
Nov 14, 2019 10:01:48 PM org.openqa.selenium.remote.ProtocolHandshake createSession
INFO: Detected dialect: W3C
]]></system-err>
  </testcase>
  <testcase name="loginAsBankManager" classname="selenium.BankManagerLoginTest" time="0.017">
    <failure message="unexpected alert open: {Alert text : Customer added successfully with customer id :6}&#10;  (Session info: chrome=76.0.3809.132): Customer added successfully with customer id :6&#10;Build info: version: &apos;3.12.0&apos;, revision: &apos;7c6e0b3&apos;, time: &apos;2018-05-08T14:04:26.12Z&apos;&#10;System info: host: &apos;nazar-Latitude-E6540&apos;, ip: &apos;127.0.1.1&apos;, os.name: &apos;Linux&apos;, os.arch: &apos;amd64&apos;, os.version: &apos;5.0.0-36-generic&apos;, java.version: &apos;11.0.4&apos;&#10;Driver info: org.openqa.selenium.chrome.ChromeDriver&#10;Capabilities {acceptInsecureCerts: false, browserName: chrome, browserVersion: 76.0.3809.132, chrome: {chromedriverVersion: 76.0.3809.126 (d80a294506b4..., userDataDir: /tmp/.com.google.Chrome.Y1dgfW}, goog:chromeOptions: {debuggerAddress: localhost:44519}, javascriptEnabled: true, networkConnectionEnabled: false, pageLoadStrategy: normal, platform: LINUX, platformName: LINUX, proxy: Proxy(), setWindowRect: true, strictFileInteractability: false, timeouts: {implicit: 0, pageLoad: 300000, script: 30000}, unhandledPromptBehavior: dismiss and notify}&#10;Session ID: 90e8eac0e028f3bcd35dfd3ed43793b6&#10;*** Element info: {Using=css selector, value=button[ng-click=&quot;manager()&quot;]}" type="org.openqa.selenium.UnhandledAlertException">org.openqa.selenium.UnhandledAlertException: 
unexpected alert open: {Alert text : Customer added successfully with customer id :6}
  (Session info: chrome=76.0.3809.132): Customer added successfully with customer id :6
Build info: version: '3.12.0', revision: '7c6e0b3', time: '2018-05-08T14:04:26.12Z'
System info: host: 'nazar-Latitude-E6540', ip: '127.0.1.1', os.name: 'Linux', os.arch: 'amd64', os.version: '5.0.0-36-generic', java.version: '11.0.4'
Driver info: org.openqa.selenium.chrome.ChromeDriver
Capabilities {acceptInsecureCerts: false, browserName: chrome, browserVersion: 76.0.3809.132, chrome: {chromedriverVersion: 76.0.3809.126 (d80a294506b4..., userDataDir: /tmp/.com.google.Chrome.Y1dgfW}, goog:chromeOptions: {debuggerAddress: localhost:44519}, javascriptEnabled: true, networkConnectionEnabled: false, pageLoadStrategy: normal, platform: LINUX, platformName: LINUX, proxy: Proxy(), setWindowRect: true, strictFileInteractability: false, timeouts: {implicit: 0, pageLoad: 300000, script: 30000}, unhandledPromptBehavior: dismiss and notify}
Session ID: 90e8eac0e028f3bcd35dfd3ed43793b6
*** Element info: {Using=css selector, value=button[ng-click="manager()"]}
	at selenium.BankManagerLoginTest.loginAsBankManager(BankManagerLoginTest.java:13)
</failure>
  </testcase>
</testsuite>